This file contains any messages produced by compilers while
running configure, to aid debugging if configure makes a mistake.

It was created by heat configure 1.17, which was
generated by GNU Autoconf 2.63.  Invocation command line was

  $ ./configure --disable-option-checking --prefix=/usr/local --cache-file=/dev/null --srcdir=.

## --------- ##
## Platform. ##
## --------- ##

hostname = Shanshi-laptop
uname -m = x86_64
uname -r = 4.4.0-62-generic
uname -s = Linux
uname -v = #83-Ubuntu SMP Wed Jan 18 14:10:15 UTC 2017

/usr/bin/uname -p = unknown
/bin/uname -X     = unknown

/bin/arch              = unknown
/usr/bin/arch -k       = unknown
/usr/convex/getsysinfo = unknown
/usr/bin/hostinfo      = unknown
/bin/machine           = unknown
/usr/bin/oslevel       = unknown
/bin/universe          = unknown

PATH: /home/erwin/anaconda2/bin
PATH: /home/erwin/bin
PATH: /home/erwin/.local/bin
PATH: /usr/local/sbin
PATH: /usr/local/bin
PATH: /usr/sbin
PATH: /usr/bin
PATH: /sbin
PATH: /bin
PATH: /usr/games
PATH: /usr/local/games
PATH: /snap/bin
PATH: /opt/microchip/xc16/v1.26/bin
PATH: /opt/microchip/xc16/v1.26/bin


## ----------- ##
## Core tests. ##
## ----------- ##

configure:1831: checking for a BSD-compatible install
configure:1899: result: /usr/bin/install -c
configure:1910: checking whether build environment is sane
configure:1970: result: yes
configure:2111: checking for a thread-safe mkdir -p
configure:2150: result: /bin/mkdir -p
configure:2163: checking for gawk
configure:2193: result: no
configure:2163: checking for mawk
configure:2179: found /usr/bin/mawk
configure:2190: result: mawk
configure:2201: checking whether make sets $(MAKE)
configure:2223: result: yes
configure:2343: checking for ranlib
configure:2359: found /usr/bin/ranlib
configure:2370: result: ranlib
configure:2404: checking for style of include used by make
configure:2432: result: GNU
configure:2502: checking for gcc
configure:2518: found /usr/bin/gcc
configure:2529: result: gcc
configure:2761: checking for C compiler version
configure:2769: gcc --version >&5
gcc (Ubuntu 5.4.0-6ubuntu1~16.04.4) 5.4.0 20160609
Copyright (C) 2015 Free Software Foundation, Inc.
This is free software; see the source for copying conditions.  There is NO
warranty; not even for MERCHANTABILITY or FITNESS FOR A PARTICULAR PURPOSE.

configure:2773: $? = 0
configure:2780: gcc -v >&5
Using built-in specs.
COLLECT_GCC=gcc
COLLECT_LTO_WRAPPER=/usr/lib/gcc/x86_64-linux-gnu/5/lto-wrapper
Target: x86_64-linux-gnu
Configured with: ../src/configure -v --with-pkgversion='Ubuntu 5.4.0-6ubuntu1~16.04.4' --with-bugurl=file:///usr/share/doc/gcc-5/README.Bugs --enable-languages=c,ada,c++,java,go,d,fortran,objc,obj-c++ --prefix=/usr --program-suffix=-5 --enable-shared --enable-linker-build-id --libexecdir=/usr/lib --without-included-gettext --enable-threads=posix --libdir=/usr/lib --enable-nls --with-sysroot=/ --enable-clocale=gnu --enable-libstdcxx-debug --enable-libstdcxx-time=yes --with-default-libstdcxx-abi=new --enable-gnu-unique-object --disable-vtable-verify --enable-libmpx --enable-plugin --with-system-zlib --disable-browser-plugin --enable-java-awt=gtk --enable-gtk-cairo --with-java-home=/usr/lib/jvm/java-1.5.0-gcj-5-amd64/jre --enable-java-home --with-jvm-root-dir=/usr/lib/jvm/java-1.5.0-gcj-5-amd64 --with-jvm-jar-dir=/usr/lib/jvm-exports/java-1.5.0-gcj-5-amd64 --with-arch-directory=amd64 --with-ecj-jar=/usr/share/java/eclipse-ecj.jar --enable-objc-gc --enable-multiarch --disable-werror --with-arch-32=i686 --with-abi=m64 --with-multilib-list=m32,m64,mx32 --enable-multilib --with-tune=generic --enable-checking=release --build=x86_64-linux-gnu --host=x86_64-linux-gnu --target=x86_64-linux-gnu
Thread model: posix
gcc version 5.4.0 20160609 (Ubuntu 5.4.0-6ubuntu1~16.04.4) 
configure:2784: $? = 0
configure:2791: gcc -V >&5
gcc: error: unrecognized command line option '-V'
gcc: fatal error: no input files
compilation terminated.
configure:2795: $? = 1
configure:2818: checking for C compiler default output file name
configure:2840: gcc    conftest.c  >&5
configure:2844: $? = 0
configure:2882: result: a.out
configure:2901: checking whether the C compiler works
configure:2911: ./a.out
configure:2915: $? = 0
configure:2934: result: yes
configure:2941: checking whether we are cross compiling
configure:2943: result: no
configure:2946: checking for suffix of executables
configure:2953: gcc -o conftest    conftest.c  >&5
configure:2957: $? = 0
configure:2983: result: 
configure:2989: checking for suffix of object files
configure:3015: gcc -c   conftest.c >&5
configure:3019: $? = 0
configure:3044: result: o
configure:3048: checking whether we are using the GNU C compiler
configure:3077: gcc -c   conftest.c >&5
configure:3084: $? = 0
configure:3101: result: yes
configure:3110: checking whether gcc accepts -g
configure:3140: gcc -c -g  conftest.c >&5
configure:3147: $? = 0
configure:3248: result: yes
configure:3265: checking for gcc option to accept ISO C89
configure:3339: gcc  -c -g -O2  conftest.c >&5
configure:3346: $? = 0
configure:3369: result: none needed
configure:3389: checking dependency style of gcc
configure:3499: result: gcc3
configure:3514: checking for gcc option to accept ISO C99
configure:3673: gcc  -c -g -O2  conftest.c >&5
configure:3680: $? = 0
configure:3703: result: none needed
configure:3717: checking for an ANSI C-conforming const
configure:3792: gcc -c -g -O2  conftest.c >&5
configure:3799: $? = 0
configure:3814: result: yes
configure:3824: checking for C/C++ restrict keyword
configure:3859: gcc -c -g -O2  conftest.c >&5
configure:3866: $? = 0
configure:3884: result: __restrict
configure:3900: checking for working volatile
configure:3929: gcc -c -g -O2  conftest.c >&5
configure:3936: $? = 0
configure:3951: result: yes
configure:3962: checking for library containing fabs
configure:4003: gcc -o conftest -g -O2   conftest.c  >&5
conftest.c:16:6: warning: conflicting types for built-in function 'fabs'
 char fabs ();
      ^
/tmp/ccGAdxLb.o: In function `main':
/home/erwin/Documents/ProgrammingMCMS/heat-1.17/seq/conftest.c:20: undefined reference to `fabs'
collect2: error: ld returned 1 exit status
configure:4010: $? = 1
configure: failed program was:
| /* confdefs.h.  */
| #define PACKAGE_NAME "heat"
| #define PACKAGE_TARNAME "heat"
| #define PACKAGE_VERSION "1.17"
| #define PACKAGE_STRING "heat 1.17"
| #define PACKAGE_BUGREPORT "pcs2015@list.uva.nl"
| #define restrict __restrict
| /* end confdefs.h.  */
| 
| /* Override any GCC internal prototype to avoid an error.
|    Use char because int might match the return type of a GCC
|    builtin and then its argument prototype would still apply.  */
| #ifdef __cplusplus
| extern "C"
| #endif
| char fabs ();
| int
| main ()
| {
| return fabs ();
|   ;
|   return 0;
| }
configure:4003: gcc -o conftest -g -O2   conftest.c -lm   >&5
conftest.c:16:6: warning: conflicting types for built-in function 'fabs'
 char fabs ();
      ^
configure:4010: $? = 0
configure:4041: result: -lm
configure:4049: checking for library containing fmin
configure:4090: gcc -o conftest -g -O2   conftest.c -lm  >&5
conftest.c:16:6: warning: conflicting types for built-in function 'fmin'
 char fmin ();
      ^
configure:4097: $? = 0
configure:4128: result: none required
configure:4136: checking for library containing fmax
configure:4177: gcc -o conftest -g -O2   conftest.c -lm  >&5
conftest.c:16:6: warning: conflicting types for built-in function 'fmax'
 char fmax ();
      ^
configure:4184: $? = 0
configure:4215: result: none required
configure:4223: checking for library containing sqrt
configure:4264: gcc -o conftest -g -O2   conftest.c -lm  >&5
conftest.c:16:6: warning: conflicting types for built-in function 'sqrt'
 char sqrt ();
      ^
configure:4271: $? = 0
configure:4302: result: none required
configure:4450: creating ./config.status

## ---------------------- ##
## Running config.status. ##
## ---------------------- ##

This file was extended by heat config.status 1.17, which was
generated by GNU Autoconf 2.63.  Invocation command line was

  CONFIG_FILES    = 
  CONFIG_HEADERS  = 
  CONFIG_LINKS    = 
  CONFIG_COMMANDS = 
  $ ./config.status 

on Shanshi-laptop

config.status:759: creating Makefile
config.status:759: creating config.h
config.status:1033: executing depfiles commands

## ---------------- ##
## Cache variables. ##
## ---------------- ##

ac_cv_c_compiler_gnu=yes
ac_cv_c_const=yes
ac_cv_c_restrict=__restrict
ac_cv_c_volatile=yes
ac_cv_env_CC_set=
ac_cv_env_CC_value=
ac_cv_env_CFLAGS_set=
ac_cv_env_CFLAGS_value=
ac_cv_env_CPPFLAGS_set=
ac_cv_env_CPPFLAGS_value=
ac_cv_env_LDFLAGS_set=
ac_cv_env_LDFLAGS_value=
ac_cv_env_LIBS_set=
ac_cv_env_LIBS_value=
ac_cv_env_build_alias_set=
ac_cv_env_build_alias_value=
ac_cv_env_host_alias_set=
ac_cv_env_host_alias_value=
ac_cv_env_target_alias_set=
ac_cv_env_target_alias_value=
ac_cv_objext=o
ac_cv_path_install='/usr/bin/install -c'
ac_cv_path_mkdir=/bin/mkdir
ac_cv_prog_AWK=mawk
ac_cv_prog_ac_ct_CC=gcc
ac_cv_prog_ac_ct_RANLIB=ranlib
ac_cv_prog_cc_c89=
ac_cv_prog_cc_c99=
ac_cv_prog_cc_g=yes
ac_cv_prog_make_make_set=yes
ac_cv_search_fabs=-lm
ac_cv_search_fmax='none required'
ac_cv_search_fmin='none required'
ac_cv_search_sqrt='none required'
am_cv_CC_dependencies_compiler_type=gcc3

## ----------------- ##
## Output variables. ##
## ----------------- ##

ACLOCAL='${SHELL} /home/erwin/Documents/ProgrammingMCMS/heat-1.17/seq/build-aux/missing --run aclocal-1.11'
AMDEPBACKSLASH='\'
AMDEP_FALSE='#'
AMDEP_TRUE=''
AMTAR='${SHELL} /home/erwin/Documents/ProgrammingMCMS/heat-1.17/seq/build-aux/missing --run tar'
AUTOCONF='${SHELL} /home/erwin/Documents/ProgrammingMCMS/heat-1.17/seq/build-aux/missing --run autoconf -f'
AUTOHEADER='${SHELL} /home/erwin/Documents/ProgrammingMCMS/heat-1.17/seq/build-aux/missing --run autoheader'
AUTOMAKE='${SHELL} /home/erwin/Documents/ProgrammingMCMS/heat-1.17/seq/build-aux/missing --run automake-1.11'
AWK='mawk'
CC='gcc'
CCDEPMODE='depmode=gcc3'
CFLAGS='-g -O2 -Wall'
COMMON='$(srcdir)/../src'
CPPFLAGS=' -I$(COMMON)'
CYGPATH_W='echo'
DEFS='-DHAVE_CONFIG_H'
DEPDIR='.deps'
ECHO_C=''
ECHO_N='-n'
ECHO_T=''
EXEEXT=''
INSTALL_DATA='${INSTALL} -m 644'
INSTALL_PROGRAM='${INSTALL}'
INSTALL_SCRIPT='${INSTALL}'
INSTALL_STRIP_PROGRAM='$(install_sh) -c -s'
LDFLAGS=''
LIBOBJS=''
LIBS='-lm '
LTLIBOBJS=''
MAKEINFO='${SHELL} /home/erwin/Documents/ProgrammingMCMS/heat-1.17/seq/build-aux/missing --run makeinfo'
MKDIR_P='/bin/mkdir -p'
OBJEXT='o'
PACKAGE='heat'
PACKAGE_BUGREPORT='pcs2015@list.uva.nl'
PACKAGE_NAME='heat'
PACKAGE_STRING='heat 1.17'
PACKAGE_TARNAME='heat'
PACKAGE_VERSION='1.17'
PATH_SEPARATOR=':'
RANLIB='ranlib'
SET_MAKE=''
SHELL='/bin/bash'
STRIP=''
VERSION='1.17'
ac_ct_CC='gcc'
am__EXEEXT_FALSE=''
am__EXEEXT_TRUE='#'
am__fastdepCC_FALSE='#'
am__fastdepCC_TRUE=''
am__include='include'
am__isrc=''
am__leading_dot='.'
am__quote=''
am__tar='${AMTAR} chof - "$$tardir"'
am__untar='${AMTAR} xf -'
bindir='${exec_prefix}/bin'
build_alias=''
datadir='${datarootdir}'
datarootdir='${prefix}/share'
docdir='${datarootdir}/doc/${PACKAGE_TARNAME}'
dvidir='${docdir}'
exec_prefix='${prefix}'
host_alias=''
htmldir='${docdir}'
includedir='${prefix}/include'
infodir='${datarootdir}/info'
install_sh='${SHELL} /home/erwin/Documents/ProgrammingMCMS/heat-1.17/seq/build-aux/install-sh'
libdir='${exec_prefix}/lib'
libexecdir='${exec_prefix}/libexec'
localedir='${datarootdir}/locale'
localstatedir='${prefix}/var'
mandir='${datarootdir}/man'
mkdir_p='/bin/mkdir -p'
oldincludedir='/usr/include'
pdfdir='${docdir}'
prefix='/usr/local'
program_transform_name='s,x,x,'
psdir='${docdir}'
sbindir='${exec_prefix}/sbin'
sharedstatedir='${prefix}/com'
sysconfdir='${prefix}/etc'
target_alias=''

## ----------- ##
## confdefs.h. ##
## ----------- ##

#define PACKAGE_NAME "heat"
#define PACKAGE_TARNAME "heat"
#define PACKAGE_VERSION "1.17"
#define PACKAGE_STRING "heat 1.17"
#define PACKAGE_BUGREPORT "pcs2015@list.uva.nl"
#define restrict __restrict

configure: exit 0
