This file contains any messages produced by compilers while
running configure, to aid debugging if configure makes a mistake.

It was created by heat configure 1.17, which was
generated by GNU Autoconf 2.69.  Invocation command line was

  $ ./configure --disable-option-checking --prefix=/usr/local --cache-file=/dev/null --srcdir=.

## --------- ##
## Platform. ##
## --------- ##

hostname = wcw-stud-145-109-34-222.wireless.uva.nl
uname -m = x86_64
uname -r = 4.9.8-100.fc24.x86_64
uname -s = Linux
uname -v = #1 SMP Mon Feb 6 17:56:14 UTC 2017

/usr/bin/uname -p = x86_64
/bin/uname -X     = unknown

/bin/arch              = x86_64
/usr/bin/arch -k       = unknown
/usr/convex/getsysinfo = unknown
/usr/bin/hostinfo      = unknown
/bin/machine           = unknown
/usr/bin/oslevel       = unknown
/bin/universe          = unknown

PATH: /home/morpheus/Android/Sdk/platform-tools
PATH: /usr/local/cuda-8.0/bin
PATH: /home/morpheus/Android/Sdk/platform-tools
PATH: /usr/local/cuda-8.0/bin
PATH: /usr/lib64/qt-3.3/bin
PATH: /usr/lib64/ccache
PATH: /usr/local/bin
PATH: /usr/local/sbin
PATH: /usr/bin
PATH: /usr/sbin
PATH: /home/morpheus/.local/bin
PATH: /home/morpheus/bin


## ----------- ##
## Core tests. ##
## ----------- ##

configure:1885: checking for a BSD-compatible install
configure:1953: result: /usr/bin/install -c
configure:1964: checking whether build environment is sane
configure:2014: result: yes
configure:2155: checking for a thread-safe mkdir -p
configure:2194: result: /usr/bin/mkdir -p
configure:2207: checking for gawk
configure:2223: found /usr/bin/gawk
configure:2234: result: gawk
configure:2245: checking whether make sets $(MAKE)
configure:2267: result: yes
configure:2385: checking for ranlib
configure:2401: found /usr/bin/ranlib
configure:2412: result: ranlib
configure:2446: checking for style of include used by make
configure:2474: result: GNU
configure:2544: checking for gcc
configure:2560: found /usr/lib64/ccache/gcc
configure:2571: result: gcc
configure:2800: checking for C compiler version
configure:2809: gcc --version >&5
gcc (GCC) 6.3.1 20161221 (Red Hat 6.3.1-1)
Copyright (C) 2016 Free Software Foundation, Inc.
This is free software; see the source for copying conditions.  There is NO
warranty; not even for MERCHANTABILITY or FITNESS FOR A PARTICULAR PURPOSE.

configure:2820: $? = 0
configure:2809: gcc -v >&5
Using built-in specs.
COLLECT_GCC=/usr/bin/gcc
COLLECT_LTO_WRAPPER=/usr/libexec/gcc/x86_64-redhat-linux/6.3.1/lto-wrapper
Target: x86_64-redhat-linux
Configured with: ../configure --enable-bootstrap --enable-languages=c,c++,objc,obj-c++,fortran,ada,go,lto --prefix=/usr --mandir=/usr/share/man --infodir=/usr/share/info --with-bugurl=http://bugzilla.redhat.com/bugzilla --enable-shared --enable-threads=posix --enable-checking=release --enable-multilib --with-system-zlib --enable-__cxa_atexit --disable-libunwind-exceptions --enable-gnu-unique-object --enable-linker-build-id --with-linker-hash-style=gnu --enable-plugin --enable-initfini-array --disable-libgcj --with-isl --enable-libmpx --enable-gnu-indirect-function --with-tune=generic --with-arch_32=i686 --build=x86_64-redhat-linux
Thread model: posix
gcc version 6.3.1 20161221 (Red Hat 6.3.1-1) (GCC) 
configure:2820: $? = 0
configure:2809: gcc -V >&5
gcc: error: unrecognized command line option '-V'
gcc: fatal error: no input files
compilation terminated.
configure:2820: $? = 1
configure:2809: gcc -qversion >&5
gcc: error: unrecognized command line option '-qversion'; did you mean '--version'?
gcc: fatal error: no input files
compilation terminated.
configure:2820: $? = 1
configure:2840: checking whether the C compiler works
configure:2862: gcc    conftest.c  >&5
configure:2866: $? = 0
configure:2914: result: yes
configure:2917: checking for C compiler default output file name
configure:2919: result: a.out
configure:2925: checking for suffix of executables
configure:2932: gcc -o conftest    conftest.c  >&5
configure:2936: $? = 0
configure:2958: result: 
configure:2980: checking whether we are cross compiling
configure:2988: gcc -o conftest    conftest.c  >&5
configure:2992: $? = 0
configure:2999: ./conftest
configure:3003: $? = 0
configure:3018: result: no
configure:3023: checking for suffix of object files
configure:3045: gcc -c   conftest.c >&5
configure:3049: $? = 0
configure:3070: result: o
configure:3074: checking whether we are using the GNU C compiler
configure:3093: gcc -c   conftest.c >&5
configure:3093: $? = 0
configure:3102: result: yes
configure:3111: checking whether gcc accepts -g
configure:3131: gcc -c -g  conftest.c >&5
configure:3131: $? = 0
configure:3172: result: yes
configure:3189: checking for gcc option to accept ISO C89
configure:3252: gcc  -c -g -O2  conftest.c >&5
configure:3252: $? = 0
configure:3265: result: none needed
configure:3287: checking dependency style of gcc
configure:3397: result: gcc3
configure:3412: checking for gcc option to accept ISO C99
configure:3561: gcc  -c -g -O2  conftest.c >&5
configure:3561: $? = 0
configure:3574: result: none needed
configure:3590: checking for an ANSI C-conforming const
configure:3656: gcc -c -g -O2  conftest.c >&5
configure:3656: $? = 0
configure:3663: result: yes
configure:3671: checking for C/C++ restrict keyword
configure:3696: gcc -c -g -O2  conftest.c >&5
configure:3696: $? = 0
configure:3704: result: __restrict
configure:3717: checking for working volatile
configure:3736: gcc -c -g -O2  conftest.c >&5
configure:3736: $? = 0
configure:3743: result: yes
configure:3752: checking for library containing fabs
configure:3783: gcc -o conftest -g -O2   conftest.c  >&5
conftest.c:17:6: warning: conflicting types for built-in function 'fabs'
 char fabs ();
      ^~~~
/tmp/ccloHuMU.o: In function `main':
/mnt/EE6014BB60148C89/Projects/PMMS/ProgrammingMCMS/heat-1.17/pth/conftest.c:21: undefined reference to `fabs'
collect2: error: ld returned 1 exit status
configure:3783: $? = 1
configure: failed program was:
| /* confdefs.h */
| #define PACKAGE_NAME "heat"
| #define PACKAGE_TARNAME "heat"
| #define PACKAGE_VERSION "1.17"
| #define PACKAGE_STRING "heat 1.17"
| #define PACKAGE_BUGREPORT "pcs2015@list.uva.nl"
| #define PACKAGE_URL ""
| #define restrict __restrict
| /* end confdefs.h.  */
| 
| /* Override any GCC internal prototype to avoid an error.
|    Use char because int might match the return type of a GCC
|    builtin and then its argument prototype would still apply.  */
| #ifdef __cplusplus
| extern "C"
| #endif
| char fabs ();
| int
| main ()
| {
| return fabs ();
|   ;
|   return 0;
| }
configure:3783: gcc -o conftest -g -O2   conftest.c -lm   >&5
conftest.c:17:6: warning: conflicting types for built-in function 'fabs'
 char fabs ();
      ^~~~
configure:3783: $? = 0
configure:3800: result: -lm
configure:3808: checking for library containing fmin
configure:3839: gcc -o conftest -g -O2   conftest.c -lm  >&5
conftest.c:17:6: warning: conflicting types for built-in function 'fmin'
 char fmin ();
      ^~~~
configure:3839: $? = 0
configure:3856: result: none required
configure:3864: checking for library containing fmax
configure:3895: gcc -o conftest -g -O2   conftest.c -lm  >&5
conftest.c:17:6: warning: conflicting types for built-in function 'fmax'
 char fmax ();
      ^~~~
configure:3895: $? = 0
configure:3912: result: none required
configure:3920: checking for library containing sqrt
configure:3951: gcc -o conftest -g -O2   conftest.c -lm  >&5
conftest.c:17:6: warning: conflicting types for built-in function 'sqrt'
 char sqrt ();
      ^~~~
configure:3951: $? = 0
configure:3968: result: none required
configure:3994: checking build system type
configure:4008: result: x86_64-unknown-linux-gnu
configure:4028: checking host system type
configure:4041: result: x86_64-unknown-linux-gnu
configure:4226: checking for the pthreads library -lpthreads
configure:4259: gcc -o conftest -g -O2 -Wall   -I$(COMMON)  conftest.c -lpthreads -lm  >&5
conftest.c: In function 'main':
conftest.c:15:22: warning: null argument where non-null required (argument 1) [-Wnonnull]
                      pthread_attr_init(0); pthread_cleanup_push(0, 0);
                      ^~~~~~~~~~~~~~~~~
conftest.c:16:22: warning: null argument where non-null required (argument 1) [-Wnonnull]
                      pthread_create(0,0,0,0); pthread_cleanup_pop(0);
                      ^~~~~~~~~~~~~~
conftest.c:16:22: warning: null argument where non-null required (argument 3) [-Wnonnull]
conftest.c:14:15: warning: 'th' is used uninitialized in this function [-Wuninitialized]
 pthread_t th; pthread_join(th, 0);
               ^~~~~~~~~~~~~~~~~~~
/usr/bin/ld: cannot find -lpthreads
collect2: error: ld returned 1 exit status
configure:4259: $? = 1
configure: failed program was:
| /* confdefs.h */
| #define PACKAGE_NAME "heat"
| #define PACKAGE_TARNAME "heat"
| #define PACKAGE_VERSION "1.17"
| #define PACKAGE_STRING "heat 1.17"
| #define PACKAGE_BUGREPORT "pcs2015@list.uva.nl"
| #define PACKAGE_URL ""
| #define restrict __restrict
| /* end confdefs.h.  */
| #include <pthread.h>
| int
| main ()
| {
| pthread_t th; pthread_join(th, 0);
|                      pthread_attr_init(0); pthread_cleanup_push(0, 0);
|                      pthread_create(0,0,0,0); pthread_cleanup_pop(0);
|   ;
|   return 0;
| }
configure:4268: result: no
configure:4171: checking whether pthreads work without any flags
configure:4259: gcc -o conftest -g -O2 -Wall   -I$(COMMON)  conftest.c  -lm  >&5
conftest.c: In function 'main':
conftest.c:15:22: warning: null argument where non-null required (argument 1) [-Wnonnull]
                      pthread_attr_init(0); pthread_cleanup_push(0, 0);
                      ^~~~~~~~~~~~~~~~~
conftest.c:16:22: warning: null argument where non-null required (argument 1) [-Wnonnull]
                      pthread_create(0,0,0,0); pthread_cleanup_pop(0);
                      ^~~~~~~~~~~~~~
conftest.c:16:22: warning: null argument where non-null required (argument 3) [-Wnonnull]
conftest.c:14:15: warning: 'th' is used uninitialized in this function [-Wuninitialized]
 pthread_t th; pthread_join(th, 0);
               ^~~~~~~~~~~~~~~~~~~
/tmp/cc0tLFMY.o: In function `main':
/mnt/EE6014BB60148C89/Projects/PMMS/ProgrammingMCMS/heat-1.17/pth/conftest.c:14: undefined reference to `pthread_join'
/mnt/EE6014BB60148C89/Projects/PMMS/ProgrammingMCMS/heat-1.17/pth/conftest.c:15: undefined reference to `__pthread_register_cancel'
/mnt/EE6014BB60148C89/Projects/PMMS/ProgrammingMCMS/heat-1.17/pth/conftest.c:16: undefined reference to `pthread_create'
/mnt/EE6014BB60148C89/Projects/PMMS/ProgrammingMCMS/heat-1.17/pth/conftest.c:16: undefined reference to `__pthread_unregister_cancel'
collect2: error: ld returned 1 exit status
configure:4259: $? = 1
configure: failed program was:
| /* confdefs.h */
| #define PACKAGE_NAME "heat"
| #define PACKAGE_TARNAME "heat"
| #define PACKAGE_VERSION "1.17"
| #define PACKAGE_STRING "heat 1.17"
| #define PACKAGE_BUGREPORT "pcs2015@list.uva.nl"
| #define PACKAGE_URL ""
| #define restrict __restrict
| /* end confdefs.h.  */
| #include <pthread.h>
| int
| main ()
| {
| pthread_t th; pthread_join(th, 0);
|                      pthread_attr_init(0); pthread_cleanup_push(0, 0);
|                      pthread_create(0,0,0,0); pthread_cleanup_pop(0);
|   ;
|   return 0;
| }
configure:4268: result: no
configure:4176: checking whether pthreads work with -Kthread
configure:4259: gcc -o conftest -g -O2 -Wall -Kthread  -I$(COMMON)  conftest.c  -lm  >&5
gcc: error: unrecognized command line option '-Kthread'; did you mean '-pthread'?
configure:4259: $? = 1
configure: failed program was:
| /* confdefs.h */
| #define PACKAGE_NAME "heat"
| #define PACKAGE_TARNAME "heat"
| #define PACKAGE_VERSION "1.17"
| #define PACKAGE_STRING "heat 1.17"
| #define PACKAGE_BUGREPORT "pcs2015@list.uva.nl"
| #define PACKAGE_URL ""
| #define restrict __restrict
| /* end confdefs.h.  */
| #include <pthread.h>
| int
| main ()
| {
| pthread_t th; pthread_join(th, 0);
|                      pthread_attr_init(0); pthread_cleanup_push(0, 0);
|                      pthread_create(0,0,0,0); pthread_cleanup_pop(0);
|   ;
|   return 0;
| }
configure:4268: result: no
configure:4176: checking whether pthreads work with -kthread
configure:4259: gcc -o conftest -g -O2 -Wall -kthread  -I$(COMMON)  conftest.c  -lm  >&5
gcc: error: unrecognized command line option '-kthread'; did you mean '-pthread'?
configure:4259: $? = 1
configure: failed program was:
| /* confdefs.h */
| #define PACKAGE_NAME "heat"
| #define PACKAGE_TARNAME "heat"
| #define PACKAGE_VERSION "1.17"
| #define PACKAGE_STRING "heat 1.17"
| #define PACKAGE_BUGREPORT "pcs2015@list.uva.nl"
| #define PACKAGE_URL ""
| #define restrict __restrict
| /* end confdefs.h.  */
| #include <pthread.h>
| int
| main ()
| {
| pthread_t th; pthread_join(th, 0);
|                      pthread_attr_init(0); pthread_cleanup_push(0, 0);
|                      pthread_create(0,0,0,0); pthread_cleanup_pop(0);
|   ;
|   return 0;
| }
configure:4268: result: no
configure:4226: checking for the pthreads library -llthread
configure:4259: gcc -o conftest -g -O2 -Wall   -I$(COMMON)  conftest.c -llthread -lm  >&5
conftest.c: In function 'main':
conftest.c:15:22: warning: null argument where non-null required (argument 1) [-Wnonnull]
                      pthread_attr_init(0); pthread_cleanup_push(0, 0);
                      ^~~~~~~~~~~~~~~~~
conftest.c:16:22: warning: null argument where non-null required (argument 1) [-Wnonnull]
                      pthread_create(0,0,0,0); pthread_cleanup_pop(0);
                      ^~~~~~~~~~~~~~
conftest.c:16:22: warning: null argument where non-null required (argument 3) [-Wnonnull]
conftest.c:14:15: warning: 'th' is used uninitialized in this function [-Wuninitialized]
 pthread_t th; pthread_join(th, 0);
               ^~~~~~~~~~~~~~~~~~~
/usr/bin/ld: cannot find -llthread
collect2: error: ld returned 1 exit status
configure:4259: $? = 1
configure: failed program was:
| /* confdefs.h */
| #define PACKAGE_NAME "heat"
| #define PACKAGE_TARNAME "heat"
| #define PACKAGE_VERSION "1.17"
| #define PACKAGE_STRING "heat 1.17"
| #define PACKAGE_BUGREPORT "pcs2015@list.uva.nl"
| #define PACKAGE_URL ""
| #define restrict __restrict
| /* end confdefs.h.  */
| #include <pthread.h>
| int
| main ()
| {
| pthread_t th; pthread_join(th, 0);
|                      pthread_attr_init(0); pthread_cleanup_push(0, 0);
|                      pthread_create(0,0,0,0); pthread_cleanup_pop(0);
|   ;
|   return 0;
| }
configure:4268: result: no
configure:4176: checking whether pthreads work with -pthread
configure:4259: gcc -o conftest -g -O2 -Wall -pthread  -I$(COMMON)  conftest.c  -lm  >&5
conftest.c: In function 'main':
conftest.c:15:22: warning: null argument where non-null required (argument 1) [-Wnonnull]
                      pthread_attr_init(0); pthread_cleanup_push(0, 0);
                      ^~~~~~~~~~~~~~~~~
conftest.c:16:22: warning: null argument where non-null required (argument 1) [-Wnonnull]
                      pthread_create(0,0,0,0); pthread_cleanup_pop(0);
                      ^~~~~~~~~~~~~~
conftest.c:16:22: warning: null argument where non-null required (argument 3) [-Wnonnull]
conftest.c:14:15: warning: 'th' is used uninitialized in this function [-Wuninitialized]
 pthread_t th; pthread_join(th, 0);
               ^~~~~~~~~~~~~~~~~~~
configure:4259: $? = 0
configure:4268: result: yes
configure:4287: checking for joinable pthread attribute
configure:4302: gcc -o conftest -g -O2 -Wall -pthread  -I$(COMMON)  conftest.c  -lm  >&5
configure:4302: $? = 0
configure:4308: result: PTHREAD_CREATE_JOINABLE
configure:4318: checking if more special flags are required for pthreads
configure:4325: result: no
configure:4544: creating ./config.status

## ---------------------- ##
## Running config.status. ##
## ---------------------- ##

This file was extended by heat config.status 1.17, which was
generated by GNU Autoconf 2.69.  Invocation command line was

  CONFIG_FILES    = 
  CONFIG_HEADERS  = 
  CONFIG_LINKS    = 
  CONFIG_COMMANDS = 
  $ ./config.status 

on wcw-stud-145-109-34-222.wireless.uva.nl

config.status:848: creating Makefile
config.status:848: creating config.h
config.status:1029: config.h is unchanged
config.status:1077: executing depfiles commands

## ---------------- ##
## Cache variables. ##
## ---------------- ##

ac_cv_build=x86_64-unknown-linux-gnu
ac_cv_c_compiler_gnu=yes
ac_cv_c_const=yes
ac_cv_c_restrict=__restrict
ac_cv_c_volatile=yes
ac_cv_env_CC_set=
ac_cv_env_CC_value=
ac_cv_env_CFLAGS_set=
ac_cv_env_CFLAGS_value=
ac_cv_env_CPPFLAGS_set=
ac_cv_env_CPPFLAGS_value=
ac_cv_env_LDFLAGS_set=
ac_cv_env_LDFLAGS_value=
ac_cv_env_LIBS_set=
ac_cv_env_LIBS_value=
ac_cv_env_build_alias_set=
ac_cv_env_build_alias_value=
ac_cv_env_host_alias_set=
ac_cv_env_host_alias_value=
ac_cv_env_target_alias_set=
ac_cv_env_target_alias_value=
ac_cv_host=x86_64-unknown-linux-gnu
ac_cv_objext=o
ac_cv_path_install='/usr/bin/install -c'
ac_cv_path_mkdir=/usr/bin/mkdir
ac_cv_prog_AWK=gawk
ac_cv_prog_ac_ct_CC=gcc
ac_cv_prog_ac_ct_RANLIB=ranlib
ac_cv_prog_cc_c89=
ac_cv_prog_cc_c99=
ac_cv_prog_cc_g=yes
ac_cv_prog_make_make_set=yes
ac_cv_search_fabs=-lm
ac_cv_search_fmax='none required'
ac_cv_search_fmin='none required'
ac_cv_search_sqrt='none required'
am_cv_CC_dependencies_compiler_type=gcc3

## ----------------- ##
## Output variables. ##
## ----------------- ##

ACLOCAL='${SHELL} /mnt/EE6014BB60148C89/Projects/PMMS/ProgrammingMCMS/heat-1.17/pth/build-aux/missing --run aclocal-1.11'
AMDEPBACKSLASH='\'
AMDEP_FALSE='#'
AMDEP_TRUE=''
AMTAR='${SHELL} /mnt/EE6014BB60148C89/Projects/PMMS/ProgrammingMCMS/heat-1.17/pth/build-aux/missing --run tar'
AUTOCONF='${SHELL} /mnt/EE6014BB60148C89/Projects/PMMS/ProgrammingMCMS/heat-1.17/pth/build-aux/missing --run autoconf -f'
AUTOHEADER='${SHELL} /mnt/EE6014BB60148C89/Projects/PMMS/ProgrammingMCMS/heat-1.17/pth/build-aux/missing --run autoheader'
AUTOMAKE='${SHELL} /mnt/EE6014BB60148C89/Projects/PMMS/ProgrammingMCMS/heat-1.17/pth/build-aux/missing --run automake-1.11'
AWK='gawk'
CC='gcc'
CCDEPMODE='depmode=gcc3'
CFLAGS='-g -O2 -Wall -pthread'
COMMON='$(srcdir)/../src'
CPPFLAGS=' -I$(COMMON)'
CYGPATH_W='echo'
DEFS='-DHAVE_CONFIG_H'
DEPDIR='.deps'
ECHO_C=''
ECHO_N='-n'
ECHO_T=''
EXEEXT=''
INSTALL_DATA='${INSTALL} -m 644'
INSTALL_PROGRAM='${INSTALL}'
INSTALL_SCRIPT='${INSTALL}'
INSTALL_STRIP_PROGRAM='$(install_sh) -c -s'
LDFLAGS=''
LIBOBJS=''
LIBS=' -lm '
LTLIBOBJS=''
MAKEINFO='${SHELL} /mnt/EE6014BB60148C89/Projects/PMMS/ProgrammingMCMS/heat-1.17/pth/build-aux/missing --run makeinfo'
MKDIR_P='/usr/bin/mkdir -p'
OBJEXT='o'
PACKAGE='heat'
PACKAGE_BUGREPORT='pcs2015@list.uva.nl'
PACKAGE_NAME='heat'
PACKAGE_STRING='heat 1.17'
PACKAGE_TARNAME='heat'
PACKAGE_URL=''
PACKAGE_VERSION='1.17'
PATH_SEPARATOR=':'
PTHREAD_CC='gcc'
PTHREAD_CFLAGS='-pthread'
PTHREAD_LIBS=''
RANLIB='ranlib'
SET_MAKE=''
SHELL='/bin/sh'
STRIP=''
VERSION='1.17'
ac_ct_CC='gcc'
am__EXEEXT_FALSE=''
am__EXEEXT_TRUE='#'
am__fastdepCC_FALSE='#'
am__fastdepCC_TRUE=''
am__include='include'
am__isrc=''
am__leading_dot='.'
am__quote=''
am__tar='${AMTAR} chof - "$$tardir"'
am__untar='${AMTAR} xf -'
ax_pthread_config=''
bindir='${exec_prefix}/bin'
build='x86_64-unknown-linux-gnu'
build_alias=''
build_cpu='x86_64'
build_os='linux-gnu'
build_vendor='unknown'
datadir='${datarootdir}'
datarootdir='${prefix}/share'
docdir='${datarootdir}/doc/${PACKAGE_TARNAME}'
dvidir='${docdir}'
exec_prefix='${prefix}'
host='x86_64-unknown-linux-gnu'
host_alias=''
host_cpu='x86_64'
host_os='linux-gnu'
host_vendor='unknown'
htmldir='${docdir}'
includedir='${prefix}/include'
infodir='${datarootdir}/info'
install_sh='${SHELL} /mnt/EE6014BB60148C89/Projects/PMMS/ProgrammingMCMS/heat-1.17/pth/build-aux/install-sh'
libdir='${exec_prefix}/lib'
libexecdir='${exec_prefix}/libexec'
localedir='${datarootdir}/locale'
localstatedir='${prefix}/var'
mandir='${datarootdir}/man'
mkdir_p='/usr/bin/mkdir -p'
oldincludedir='/usr/include'
pdfdir='${docdir}'
prefix='/usr/local'
program_transform_name='s,x,x,'
psdir='${docdir}'
sbindir='${exec_prefix}/sbin'
sharedstatedir='${prefix}/com'
sysconfdir='${prefix}/etc'
target_alias=''

## ----------- ##
## confdefs.h. ##
## ----------- ##

/* confdefs.h */
#define PACKAGE_NAME "heat"
#define PACKAGE_TARNAME "heat"
#define PACKAGE_VERSION "1.17"
#define PACKAGE_STRING "heat 1.17"
#define PACKAGE_BUGREPORT "pcs2015@list.uva.nl"
#define PACKAGE_URL ""
#define restrict __restrict
#define HAVE_PTHREAD 1

configure: exit 0
