This file contains any messages produced by compilers while
running configure, to aid debugging if configure makes a mistake.

It was created by heat configure 1.17, which was
generated by GNU Autoconf 2.69.  Invocation command line was

  $ ./configure 

## --------- ##
## Platform. ##
## --------- ##

hostname = wcw-stud-145-109-34-222.wireless.uva.nl
uname -m = x86_64
uname -r = 4.9.8-100.fc24.x86_64
uname -s = Linux
uname -v = #1 SMP Mon Feb 6 17:56:14 UTC 2017

/usr/bin/uname -p = x86_64
/bin/uname -X     = unknown

/bin/arch              = x86_64
/usr/bin/arch -k       = unknown
/usr/convex/getsysinfo = unknown
/usr/bin/hostinfo      = unknown
/bin/machine           = unknown
/usr/bin/oslevel       = unknown
/bin/universe          = unknown

PATH: /home/morpheus/Android/Sdk/platform-tools
PATH: /usr/local/cuda-8.0/bin
PATH: /home/morpheus/Android/Sdk/platform-tools
PATH: /usr/local/cuda-8.0/bin
PATH: /usr/lib64/qt-3.3/bin
PATH: /usr/lib64/ccache
PATH: /usr/local/bin
PATH: /usr/local/sbin
PATH: /usr/bin
PATH: /usr/sbin
PATH: /home/morpheus/.local/bin
PATH: /home/morpheus/bin


## ----------- ##
## Core tests. ##
## ----------- ##

configure:1745: checking for a BSD-compatible install
configure:1813: result: /usr/bin/install -c
configure:1824: checking whether build environment is sane
configure:1874: result: yes
configure:2015: checking for a thread-safe mkdir -p
configure:2054: result: /usr/bin/mkdir -p
configure:2067: checking for gawk
configure:2083: found /usr/bin/gawk
configure:2094: result: gawk
configure:2105: checking whether make sets $(MAKE)
configure:2127: result: yes
configure:2206: checking for convert
configure:2222: found /usr/bin/convert
configure:2234: result: convert
configure:2411: creating ./config.status

## ---------------------- ##
## Running config.status. ##
## ---------------------- ##

This file was extended by heat config.status 1.17, which was
generated by GNU Autoconf 2.69.  Invocation command line was

  CONFIG_FILES    = 
  CONFIG_HEADERS  = 
  CONFIG_LINKS    = 
  CONFIG_COMMANDS = 
  $ ./config.status 

on wcw-stud-145-109-34-222.wireless.uva.nl

config.status:742: creating Makefile
configure:3496: === configuring in seq (/mnt/EE6014BB60148C89/Projects/PMMS/ProgrammingMCMS/heat-1.17/seq)
configure:3559: running /bin/sh ./configure --disable-option-checking '--prefix=/usr/local'  --cache-file=/dev/null --srcdir=.
configure:3496: === configuring in pth (/mnt/EE6014BB60148C89/Projects/PMMS/ProgrammingMCMS/heat-1.17/pth)
configure:3559: running /bin/sh ./configure --disable-option-checking '--prefix=/usr/local'  --cache-file=/dev/null --srcdir=.
configure:3496: === configuring in omp (/mnt/EE6014BB60148C89/Projects/PMMS/ProgrammingMCMS/heat-1.17/omp)
configure:3559: running /bin/sh ./configure --disable-option-checking '--prefix=/usr/local'  --cache-file=/dev/null --srcdir=.

## ---------------- ##
## Cache variables. ##
## ---------------- ##

ac_cv_env_build_alias_set=
ac_cv_env_build_alias_value=
ac_cv_env_host_alias_set=
ac_cv_env_host_alias_value=
ac_cv_env_target_alias_set=
ac_cv_env_target_alias_value=
ac_cv_path_install='/usr/bin/install -c'
ac_cv_path_mkdir=/usr/bin/mkdir
ac_cv_prog_AWK=gawk
ac_cv_prog_CONVERT=convert
ac_cv_prog_make_make_set=yes

## ----------------- ##
## Output variables. ##
## ----------------- ##

ACLOCAL='${SHELL} /mnt/EE6014BB60148C89/Projects/PMMS/ProgrammingMCMS/heat-1.17/build-aux/missing --run aclocal-1.11'
AMTAR='${SHELL} /mnt/EE6014BB60148C89/Projects/PMMS/ProgrammingMCMS/heat-1.17/build-aux/missing --run tar'
AUTOCONF='${SHELL} /mnt/EE6014BB60148C89/Projects/PMMS/ProgrammingMCMS/heat-1.17/build-aux/missing --run autoconf -f'
AUTOHEADER='${SHELL} /mnt/EE6014BB60148C89/Projects/PMMS/ProgrammingMCMS/heat-1.17/build-aux/missing --run autoheader'
AUTOMAKE='${SHELL} /mnt/EE6014BB60148C89/Projects/PMMS/ProgrammingMCMS/heat-1.17/build-aux/missing --run automake-1.11'
AWK='gawk'
CONVERT='convert'
CYGPATH_W='echo'
DEFS='-DPACKAGE_NAME=\"heat\" -DPACKAGE_TARNAME=\"heat\" -DPACKAGE_VERSION=\"1.17\" -DPACKAGE_STRING=\"heat\ 1.17\" -DPACKAGE_BUGREPORT=\"pcs2015@list.uva.nl\" -DPACKAGE_URL=\"\"'
ECHO_C=''
ECHO_N='-n'
ECHO_T=''
HAVE_CONVERT_FALSE='#'
HAVE_CONVERT_TRUE=''
INSTALL_DATA='${INSTALL} -m 644'
INSTALL_PROGRAM='${INSTALL}'
INSTALL_SCRIPT='${INSTALL}'
INSTALL_STRIP_PROGRAM='$(install_sh) -c -s'
LIBOBJS=''
LIBS=''
LTLIBOBJS=''
MAKEINFO='${SHELL} /mnt/EE6014BB60148C89/Projects/PMMS/ProgrammingMCMS/heat-1.17/build-aux/missing --run makeinfo'
MKDIR_P='/usr/bin/mkdir -p'
PACKAGE='heat'
PACKAGE_BUGREPORT='pcs2015@list.uva.nl'
PACKAGE_NAME='heat'
PACKAGE_STRING='heat 1.17'
PACKAGE_TARNAME='heat'
PACKAGE_URL=''
PACKAGE_VERSION='1.17'
PATH_SEPARATOR=':'
SET_MAKE=''
SHELL='/bin/sh'
STRIP=''
VERSION='1.17'
am__isrc=''
am__leading_dot='.'
am__tar='${AMTAR} chof - "$$tardir"'
am__untar='${AMTAR} xf -'
bindir='${exec_prefix}/bin'
build_alias=''
datadir='${datarootdir}'
datarootdir='${prefix}/share'
docdir='${datarootdir}/doc/${PACKAGE_TARNAME}'
dvidir='${docdir}'
exec_prefix='${prefix}'
host_alias=''
htmldir='${docdir}'
includedir='${prefix}/include'
infodir='${datarootdir}/info'
install_sh='${SHELL} /mnt/EE6014BB60148C89/Projects/PMMS/ProgrammingMCMS/heat-1.17/build-aux/install-sh'
libdir='${exec_prefix}/lib'
libexecdir='${exec_prefix}/libexec'
localedir='${datarootdir}/locale'
localstatedir='${prefix}/var'
mandir='${datarootdir}/man'
mkdir_p='/usr/bin/mkdir -p'
oldincludedir='/usr/include'
pdfdir='${docdir}'
prefix='/usr/local'
program_transform_name='s,x,x,'
psdir='${docdir}'
sbindir='${exec_prefix}/sbin'
sharedstatedir='${prefix}/com'
subdirs=' seq pth omp acc'
sysconfdir='${prefix}/etc'
target_alias=''

## ----------- ##
## confdefs.h. ##
## ----------- ##

/* confdefs.h */
#define PACKAGE_NAME "heat"
#define PACKAGE_TARNAME "heat"
#define PACKAGE_VERSION "1.17"
#define PACKAGE_STRING "heat 1.17"
#define PACKAGE_BUGREPORT "pcs2015@list.uva.nl"
#define PACKAGE_URL ""

configure: exit 0
