This file contains any messages produced by compilers while
running configure, to aid debugging if configure makes a mistake.

It was created by heat configure 1.17, which was
generated by GNU Autoconf 2.63.  Invocation command line was

  $ ./configure --disable-option-checking --prefix=/usr/local --cache-file=/dev/null --srcdir=.

## --------- ##
## Platform. ##
## --------- ##

hostname = wcw-stud-145-109-34-222.wireless.uva.nl
uname -m = x86_64
uname -r = 4.9.8-100.fc24.x86_64
uname -s = Linux
uname -v = #1 SMP Mon Feb 6 17:56:14 UTC 2017

/usr/bin/uname -p = x86_64
/bin/uname -X     = unknown

/bin/arch              = x86_64
/usr/bin/arch -k       = unknown
/usr/convex/getsysinfo = unknown
/usr/bin/hostinfo      = unknown
/bin/machine           = unknown
/usr/bin/oslevel       = unknown
/bin/universe          = unknown

PATH: /home/morpheus/Android/Sdk/platform-tools
PATH: /usr/local/cuda-8.0/bin
PATH: /home/morpheus/Android/Sdk/platform-tools
PATH: /usr/local/cuda-8.0/bin
PATH: /usr/lib64/qt-3.3/bin
PATH: /usr/lib64/ccache
PATH: /usr/local/bin
PATH: /usr/local/sbin
PATH: /usr/bin
PATH: /usr/sbin
PATH: /home/morpheus/.local/bin
PATH: /home/morpheus/bin


## ----------- ##
## Core tests. ##
## ----------- ##

configure:1831: checking for a BSD-compatible install
configure:1899: result: /usr/bin/install -c
configure:1910: checking whether build environment is sane
configure:1970: result: yes
configure:2111: checking for a thread-safe mkdir -p
configure:2150: result: /usr/bin/mkdir -p
configure:2163: checking for gawk
configure:2179: found /usr/bin/gawk
configure:2190: result: gawk
configure:2201: checking whether make sets $(MAKE)
configure:2223: result: yes
configure:2351: checking for gcc-mp-4.3
configure:2381: result: no
configure:2351: checking for gcc-mp-4.4
configure:2381: result: no
configure:2351: checking for gcc
configure:2367: found /usr/lib64/ccache/gcc
configure:2378: result: gcc
configure:2412: checking for C compiler version
configure:2420: gcc --version >&5
gcc (GCC) 6.3.1 20161221 (Red Hat 6.3.1-1)
Copyright (C) 2016 Free Software Foundation, Inc.
This is free software; see the source for copying conditions.  There is NO
warranty; not even for MERCHANTABILITY or FITNESS FOR A PARTICULAR PURPOSE.

configure:2424: $? = 0
configure:2431: gcc -v >&5
Using built-in specs.
COLLECT_GCC=/usr/bin/gcc
COLLECT_LTO_WRAPPER=/usr/libexec/gcc/x86_64-redhat-linux/6.3.1/lto-wrapper
Target: x86_64-redhat-linux
Configured with: ../configure --enable-bootstrap --enable-languages=c,c++,objc,obj-c++,fortran,ada,go,lto --prefix=/usr --mandir=/usr/share/man --infodir=/usr/share/info --with-bugurl=http://bugzilla.redhat.com/bugzilla --enable-shared --enable-threads=posix --enable-checking=release --enable-multilib --with-system-zlib --enable-__cxa_atexit --disable-libunwind-exceptions --enable-gnu-unique-object --enable-linker-build-id --with-linker-hash-style=gnu --enable-plugin --enable-initfini-array --disable-libgcj --with-isl --enable-libmpx --enable-gnu-indirect-function --with-tune=generic --with-arch_32=i686 --build=x86_64-redhat-linux
Thread model: posix
gcc version 6.3.1 20161221 (Red Hat 6.3.1-1) (GCC) 
configure:2435: $? = 0
configure:2442: gcc -V >&5
gcc: error: unrecognized command line option '-V'
gcc: fatal error: no input files
compilation terminated.
configure:2446: $? = 1
configure:2469: checking for C compiler default output file name
configure:2491: gcc    conftest.c  >&5
configure:2495: $? = 0
configure:2533: result: a.out
configure:2552: checking whether the C compiler works
configure:2562: ./a.out
configure:2566: $? = 0
configure:2585: result: yes
configure:2592: checking whether we are cross compiling
configure:2594: result: no
configure:2597: checking for suffix of executables
configure:2604: gcc -o conftest    conftest.c  >&5
configure:2608: $? = 0
configure:2634: result: 
configure:2640: checking for suffix of object files
configure:2666: gcc -c   conftest.c >&5
configure:2670: $? = 0
configure:2695: result: o
configure:2699: checking whether we are using the GNU C compiler
configure:2728: gcc -c   conftest.c >&5
configure:2735: $? = 0
configure:2752: result: yes
configure:2761: checking whether gcc accepts -g
configure:2791: gcc -c -g  conftest.c >&5
configure:2798: $? = 0
configure:2899: result: yes
configure:2916: checking for gcc option to accept ISO C89
configure:2990: gcc  -c -g -O2  conftest.c >&5
configure:2997: $? = 0
configure:3020: result: none needed
configure:3049: checking for style of include used by make
configure:3077: result: GNU
configure:3102: checking dependency style of gcc
configure:3212: result: gcc3
configure:3273: checking for ranlib
configure:3289: found /usr/bin/ranlib
configure:3300: result: ranlib
configure:3322: checking for gcc option to accept ISO C99
configure:3481: gcc  -c -g -O2  conftest.c >&5
configure:3488: $? = 0
configure:3511: result: none needed
configure:3525: checking for an ANSI C-conforming const
configure:3600: gcc -c -g -O2  conftest.c >&5
configure:3607: $? = 0
configure:3622: result: yes
configure:3632: checking for C/C++ restrict keyword
configure:3667: gcc -c -g -O2  conftest.c >&5
configure:3674: $? = 0
configure:3692: result: __restrict
configure:3708: checking for working volatile
configure:3737: gcc -c -g -O2  conftest.c >&5
configure:3744: $? = 0
configure:3759: result: yes
configure:3770: checking for library containing fabs
configure:3811: gcc -o conftest -g -O2   conftest.c  >&5
conftest.c:16:6: warning: conflicting types for built-in function 'fabs'
 char fabs ();
      ^~~~
/tmp/ccBbKx6K.o: In function `main':
/mnt/EE6014BB60148C89/Projects/PMMS/ProgrammingMCMS/heat-1.17/omp/conftest.c:20: undefined reference to `fabs'
collect2: error: ld returned 1 exit status
configure:3818: $? = 1
configure: failed program was:
| /* confdefs.h.  */
| #define PACKAGE_NAME "heat"
| #define PACKAGE_TARNAME "heat"
| #define PACKAGE_VERSION "1.17"
| #define PACKAGE_STRING "heat 1.17"
| #define PACKAGE_BUGREPORT "pcs2015@list.uva.nl"
| #define restrict __restrict
| /* end confdefs.h.  */
| 
| /* Override any GCC internal prototype to avoid an error.
|    Use char because int might match the return type of a GCC
|    builtin and then its argument prototype would still apply.  */
| #ifdef __cplusplus
| extern "C"
| #endif
| char fabs ();
| int
| main ()
| {
| return fabs ();
|   ;
|   return 0;
| }
configure:3811: gcc -o conftest -g -O2   conftest.c -lm   >&5
conftest.c:16:6: warning: conflicting types for built-in function 'fabs'
 char fabs ();
      ^~~~
configure:3818: $? = 0
configure:3849: result: -lm
configure:3857: checking for library containing fmin
configure:3898: gcc -o conftest -g -O2   conftest.c -lm  >&5
conftest.c:16:6: warning: conflicting types for built-in function 'fmin'
 char fmin ();
      ^~~~
configure:3905: $? = 0
configure:3936: result: none required
configure:3944: checking for library containing fmax
configure:3985: gcc -o conftest -g -O2   conftest.c -lm  >&5
conftest.c:16:6: warning: conflicting types for built-in function 'fmax'
 char fmax ();
      ^~~~
configure:3992: $? = 0
configure:4023: result: none required
configure:4031: checking for library containing sqrt
configure:4072: gcc -o conftest -g -O2   conftest.c -lm  >&5
conftest.c:16:6: warning: conflicting types for built-in function 'sqrt'
 char sqrt ();
      ^~~~
configure:4079: $? = 0
configure:4110: result: none required
configure:4134: checking for OpenMP flag of C compiler
configure:4180: gcc -o conftest -g -O2 -Wall -fopenmp  -I$(COMMON)  conftest.c -lm  >&5
configure:4187: $? = 0
configure:4210: result: -fopenmp
configure:4354: creating ./config.status

## ---------------------- ##
## Running config.status. ##
## ---------------------- ##

This file was extended by heat config.status 1.17, which was
generated by GNU Autoconf 2.63.  Invocation command line was

  CONFIG_FILES    = 
  CONFIG_HEADERS  = 
  CONFIG_LINKS    = 
  CONFIG_COMMANDS = 
  $ ./config.status 

on wcw-stud-145-109-34-222.wireless.uva.nl

config.status:760: creating Makefile
config.status:760: creating config.h
config.status:982: config.h is unchanged
config.status:1034: executing depfiles commands

## ---------------- ##
## Cache variables. ##
## ---------------- ##

ac_cv_c_compiler_gnu=yes
ac_cv_c_const=yes
ac_cv_c_restrict=__restrict
ac_cv_c_volatile=yes
ac_cv_env_CC_set=
ac_cv_env_CC_value=
ac_cv_env_CFLAGS_set=
ac_cv_env_CFLAGS_value=
ac_cv_env_CPPFLAGS_set=
ac_cv_env_CPPFLAGS_value=
ac_cv_env_LDFLAGS_set=
ac_cv_env_LDFLAGS_value=
ac_cv_env_LIBS_set=
ac_cv_env_LIBS_value=
ac_cv_env_build_alias_set=
ac_cv_env_build_alias_value=
ac_cv_env_host_alias_set=
ac_cv_env_host_alias_value=
ac_cv_env_target_alias_set=
ac_cv_env_target_alias_value=
ac_cv_objext=o
ac_cv_path_install='/usr/bin/install -c'
ac_cv_path_mkdir=/usr/bin/mkdir
ac_cv_prog_AWK=gawk
ac_cv_prog_ac_ct_CC=gcc
ac_cv_prog_ac_ct_RANLIB=ranlib
ac_cv_prog_cc_c89=
ac_cv_prog_cc_c99=
ac_cv_prog_cc_g=yes
ac_cv_prog_make_make_set=yes
ac_cv_search_fabs=-lm
ac_cv_search_fmax='none required'
ac_cv_search_fmin='none required'
ac_cv_search_sqrt='none required'
am_cv_CC_dependencies_compiler_type=gcc3
ax_cv_c_openmp=-fopenmp

## ----------------- ##
## Output variables. ##
## ----------------- ##

ACLOCAL='${SHELL} /mnt/EE6014BB60148C89/Projects/PMMS/ProgrammingMCMS/heat-1.17/omp/build-aux/missing --run aclocal-1.11'
AMDEPBACKSLASH='\'
AMDEP_FALSE='#'
AMDEP_TRUE=''
AMTAR='${SHELL} /mnt/EE6014BB60148C89/Projects/PMMS/ProgrammingMCMS/heat-1.17/omp/build-aux/missing --run tar'
AUTOCONF='${SHELL} /mnt/EE6014BB60148C89/Projects/PMMS/ProgrammingMCMS/heat-1.17/omp/build-aux/missing --run autoconf -f'
AUTOHEADER='${SHELL} /mnt/EE6014BB60148C89/Projects/PMMS/ProgrammingMCMS/heat-1.17/omp/build-aux/missing --run autoheader'
AUTOMAKE='${SHELL} /mnt/EE6014BB60148C89/Projects/PMMS/ProgrammingMCMS/heat-1.17/omp/build-aux/missing --run automake-1.11'
AWK='gawk'
CC='gcc'
CCDEPMODE='depmode=gcc3'
CFLAGS='-g -O2 -Wall -fopenmp'
COMMON='$(srcdir)/../src'
CPPFLAGS=' -I$(COMMON)'
CYGPATH_W='echo'
DEFS='-DHAVE_CONFIG_H'
DEPDIR='.deps'
ECHO_C=''
ECHO_N='-n'
ECHO_T=''
EXEEXT=''
INSTALL_DATA='${INSTALL} -m 644'
INSTALL_PROGRAM='${INSTALL}'
INSTALL_SCRIPT='${INSTALL}'
INSTALL_STRIP_PROGRAM='$(install_sh) -c -s'
LDFLAGS=''
LIBOBJS=''
LIBS='-lm '
LTLIBOBJS=''
MAKEINFO='${SHELL} /mnt/EE6014BB60148C89/Projects/PMMS/ProgrammingMCMS/heat-1.17/omp/build-aux/missing --run makeinfo'
MKDIR_P='/usr/bin/mkdir -p'
OBJEXT='o'
PACKAGE='heat'
PACKAGE_BUGREPORT='pcs2015@list.uva.nl'
PACKAGE_NAME='heat'
PACKAGE_STRING='heat 1.17'
PACKAGE_TARNAME='heat'
PACKAGE_VERSION='1.17'
PATH_SEPARATOR=':'
RANLIB='ranlib'
SET_MAKE=''
SHELL='/bin/sh'
STRIP=''
VERSION='1.17'
ac_ct_CC='gcc'
am__EXEEXT_FALSE=''
am__EXEEXT_TRUE='#'
am__fastdepCC_FALSE='#'
am__fastdepCC_TRUE=''
am__include='include'
am__isrc=''
am__leading_dot='.'
am__quote=''
am__tar='${AMTAR} chof - "$$tardir"'
am__untar='${AMTAR} xf -'
bindir='${exec_prefix}/bin'
build_alias=''
datadir='${datarootdir}'
datarootdir='${prefix}/share'
docdir='${datarootdir}/doc/${PACKAGE_TARNAME}'
dvidir='${docdir}'
exec_prefix='${prefix}'
host_alias=''
htmldir='${docdir}'
includedir='${prefix}/include'
infodir='${datarootdir}/info'
install_sh='${SHELL} /mnt/EE6014BB60148C89/Projects/PMMS/ProgrammingMCMS/heat-1.17/omp/build-aux/install-sh'
libdir='${exec_prefix}/lib'
libexecdir='${exec_prefix}/libexec'
localedir='${datarootdir}/locale'
localstatedir='${prefix}/var'
mandir='${datarootdir}/man'
mkdir_p='/usr/bin/mkdir -p'
oldincludedir='/usr/include'
pdfdir='${docdir}'
prefix='/usr/local'
program_transform_name='s,x,x,'
psdir='${docdir}'
sbindir='${exec_prefix}/sbin'
sharedstatedir='${prefix}/com'
sysconfdir='${prefix}/etc'
target_alias=''

## ----------- ##
## confdefs.h. ##
## ----------- ##

#define PACKAGE_NAME "heat"
#define PACKAGE_TARNAME "heat"
#define PACKAGE_VERSION "1.17"
#define PACKAGE_STRING "heat 1.17"
#define PACKAGE_BUGREPORT "pcs2015@list.uva.nl"
#define restrict __restrict
#define HAVE_OPENMP 1

configure: exit 0
